  Using 'git status' to determine working set for adaptive non-unity build (C:\Users\carlo\OneDrive\Documents\Unreal Projects\DemoGameProject1).
  Parsing headers for DemoGame1Editor
    Running UnrealHeaderTool "C:\Users\carlo\OneDrive\Documents\Unreal Projects\DemoGameProject1\DemoGame1\DemoGame1.uproject" "C:\Users\carlo\OneDrive\Documents\Unreal Projects\DemoGameProject1\DemoGame1\Intermediate\Build\Win64\DemoGame1Editor\Development\DemoGame1Editor.uhtmanifest" -LogCmds="loginit warning, logexit warning, logdatabase error" -Unattended -WarningsAsErrors -abslog="C:\Users\carlo\AppData\Local\UnrealBuildTool\Log_UHT.txt" -installed
  Reflection code generated for DemoGame1Editor in 5.0861388 seconds
  Building DemoGame1Editor...
  Using Visual Studio 2019 14.28.29334 toolchain (C:\Program Files (x86)\Microsoft Visual Studio\2019\Community\VC\Tools\MSVC\14.28.29333) and Windows 10.0.17763.0 SDK (C:\Program Files (x86)\Windows Kits\10).
  Building 5 actions with 12 processes...
    [1/5] MainCharacter.cpp
C:\Users\carlo\OneDrive\Documents\Unreal Projects\DemoGameProject1\DemoGame1\Source\DemoGame1\MainCharacter.cpp(18): error C2065: 'CameraBooom': undeclared identifier
C:\Users\carlo\OneDrive\Documents\Unreal Projects\DemoGameProject1\DemoGame1\Source\DemoGame1\MainCharacter.cpp(21): error C2065: 'CreaterDefaultSubobject': undeclared identifier
C:\Users\carlo\OneDrive\Documents\Unreal Projects\DemoGameProject1\DemoGame1\Source\DemoGame1\MainCharacter.cpp(21): error C2275: 'UCameraComponent': illegal use of this type as an expression
    C:\Program Files\Epic Games\UE_4.25\Engine\Source\Runtime\Engine\Classes\Camera/CameraComponent.h(21): note: see declaration of 'UCameraComponent'
C:\Users\carlo\OneDrive\Documents\Unreal Projects\DemoGameProject1\DemoGame1\Source\DemoGame1\MainCharacter.cpp(22): error C2653: 'USprinArmComponent': is not a class or namespace name
C:\Users\carlo\OneDrive\Documents\Unreal Projects\DemoGameProject1\DemoGame1\Source\DemoGame1\MainCharacter.cpp(22): error C2065: 'SocketName': undeclared identifier
    [2/5] MainCharacter.gen.cpp
C:\Program Files (x86)\Microsoft Visual Studio\2019\Community\MSBuild\Microsoft\VC\v160\Microsoft.MakeFile.Targets(46,5): error MSB3073: The command ""C:\Program Files\Epic Games\UE_4.25\Engine\Build\BatchFiles\Build.bat" DemoGame1Editor Win64 Development -Project="C:\Users\carlo\OneDrive\Documents\Unreal Projects\DemoGameProject1\DemoGame1\DemoGame1.uproject" -WaitMutex -FromMsBuild" exited with code 6.
